<?xml version="1.0" encoding="UTF-8"?>
<!-- Generated by org.testng.reporters.JUnitReportReporter -->
<testsuite skipped="0" hostname="BIELT504" name="myrunner.TestRunner" tests="1" failures="0" timestamp="2020-05-16T10:50:41 BST" time="17.312" errors="0">
  <testcase name="runScenario" time="17.312" classname="myrunner.TestRunner"/>
  <system-out/>
</testsuite> <!-- myrunner.TestRunner -->
